<?xml version="1.0" encoding="UTF-8"?>
<project xmlns="http://maven.apache.org/POM/4.0.0"
         xmlns:xsi="http://www.w3.org/2001/XMLSchema-instance"
         xsi:schemaLocation="http://maven.apache.org/POM/4.0.0 
         http://maven.apache.org/xsd/maven-4.0.0.xsd">
    <modelVersion>4.0.0</modelVersion>
    
    <groupId>com.example</groupId>
    <artifactId>test-with-bom</artifactId>
    <version>1.0.0</version>
    
    <properties>
        <jackson.version>2.15.2</jackson.version>
        <netty.version>4.1.90.Final</netty.version>
        <slf4j.version>1.7.30</slf4j.version>
    </properties>
    
    <dependencyManagement>
        <dependencies>
            <!-- Spring Boot BOM -->
            <dependency>
                <groupId>org.springframework.boot</groupId>
                <artifactId>spring-boot-dependencies</artifactId>
                <version>2.7.18</version>
                <type>pom</type>
                <scope>import</scope>
            </dependency>
            <!-- AWS SDK BOM -->
            <dependency>
                <groupId>com.amazonaws</groupId>
                <artifactId>aws-java-sdk-bom</artifactId>
                <version>1.12.400</version>
                <type>pom</type>
                <scope>import</scope>
            </dependency>
            <!-- Regular dependency management entry -->
            <dependency>
                <groupId>com.fasterxml.jackson.core</groupId>
                <artifactId>jackson-databind</artifactId>
                <version>${jackson.version}</version>
            </dependency>
        </dependencies>
    </dependencyManagement>
    
    <dependencies>
        <dependency>
            <groupId>io.netty</groupId>
            <artifactId>netty-handler</artifactId>
            <version>${netty.version}</version>
        </dependency>
        <dependency>
            <groupId>org.slf4j</groupId>
            <artifactId>slf4j-api</artifactId>
            <version>${slf4j.version}</version>
        </dependency>
        <dependency>
            <groupId>junit</groupId>
            <artifactId>junit</artifactId>
            <version>4.13.2</version>
            <scope>test</scope>
        </dependency>
    </dependencies>
</project>